<?xml version="1.0" encoding="UTF-8"?>
<robot generator="Robot 7.1 (Python 3.13.0 on win32)" generated="2024-10-14T21:33:06.907718" rpa="false" schemaversion="5">
<suite id="s1" name="Amazon Testes" source="C:\Users\Dandis\Desktop\Cursoudemy\RobotFramework\WebTesting\amazon_testes.robot">
<test id="s1-t1" name="Caso de teste 01 - Acesso ao menu &quot;Eletrônicos&quot;" line="9">
<kw name="Abrir o navegador" owner="amazon_resources" type="SETUP">
<kw name="Open Browser" owner="SeleniumLibrary">
<msg time="2024-10-14T21:33:07.439275" level="INFO">Opening browser 'chrome' to base url 'None'.</msg>
<arg>browser=chrome</arg>
<arg>options=add_experimental_option("detach", True)</arg>
<doc>Opens a new browser instance to the optional ``url``.</doc>
<status status="PASS" start="2024-10-14T21:33:07.438913" elapsed="6.548944"/>
</kw>
<kw name="Set Window Size" owner="SeleniumLibrary">
<arg>965000</arg>
<arg>10000</arg>
<doc>Sets current windows size to given ``width`` and ``height``.</doc>
<status status="PASS" start="2024-10-14T21:33:13.992692" elapsed="0.426601"/>
</kw>
<status status="PASS" start="2024-10-14T21:33:07.437750" elapsed="6.981897"/>
</kw>
<kw name="Acessar a home page do site Amazon.com.br" owner="amazon_resources">
<kw name="Go To" owner="SeleniumLibrary">
<msg time="2024-10-14T21:33:14.421812" level="INFO">Opening url 'https://www.amazon.com.br/'</msg>
<arg>${URL}</arg>
<doc>Navigates the current browser window to the provided ``url``.</doc>
<status status="PASS" start="2024-10-14T21:33:14.421422" elapsed="9.922333"/>
</kw>
<kw name="Sleep" owner="BuiltIn">
<msg time="2024-10-14T21:33:54.345553" level="INFO">Slept 30 seconds.</msg>
<arg>30s</arg>
<doc>Pauses the test executed for the given time.</doc>
<status status="PASS" start="2024-10-14T21:33:24.344102" elapsed="30.001943"/>
</kw>
<kw name="Wait Until Element Is Visible" owner="SeleniumLibrary">
<msg time="2024-10-14T21:33:54.361022" level="WARN">Keyword 'Capture Page Screenshot' could not be run on failure: Message: no such window: target window already closed
from unknown error: web view not found
  (Session info: chrome=129.0.6668.90)
Stacktrace:
	GetHandleVerifier [0x00007FF628EDB095+29557]
	(No symbol) [0x00007FF628E4FA50]
	(No symbol) [0x00007FF628D0B56A]
	(No symbol) [0x00007FF628CDFCC5]
	(No symbol) [0x00007FF628D8EE07]
	(No symbol) [0x00007FF628DA7E21]
	(No symbol) [0x00007FF628D86F33]
	(No symbol) [0x00007FF628D5116F]
	(No symbol) [0x00007FF628D522D1]
	GetHandleVerifier [0x00007FF62920C96D+3378253]
	GetHandleVerifier [0x00007FF629258497+3688311]
	GetHandleVerifier [0x00007FF62924D1CB+3642539]
	GetHandleVerifier [0x00007FF628F9A6B6+813462]
	(No symbol) [0x00007FF628E5AB5F]
	(No symbol) [0x00007FF628E56B74]
	(No symbol) [0x00007FF628E56D10]
	(No symbol) [0x00007FF628E45C1F]
	BaseThreadInitThunk [0x00007FFC51CA7374+20]
	RtlUserThreadStart [0x00007FFC52D9CC91+33]
</msg>
<msg time="2024-10-14T21:33:54.412376" level="FAIL">NoSuchWindowException: Message: no such window: target window already closed
from unknown error: web view not found
  (Session info: chrome=129.0.6668.90)
Stacktrace:
	GetHandleVerifier [0x00007FF628EDB095+29557]
	(No symbol) [0x00007FF628E4FA50]
	(No symbol) [0x00007FF628D0B56A]
	(No symbol) [0x00007FF628CDFCC5]
	(No symbol) [0x00007FF628D8EE07]
	(No symbol) [0x00007FF628DA7E21]
	(No symbol) [0x00007FF628D86F33]
	(No symbol) [0x00007FF628D5116F]
	(No symbol) [0x00007FF628D522D1]
	GetHandleVerifier [0x00007FF62920C96D+3378253]
	GetHandleVerifier [0x00007FF629258497+3688311]
	GetHandleVerifier [0x00007FF62924D1CB+3642539]
	GetHandleVerifier [0x00007FF628F9A6B6+813462]
	(No symbol) [0x00007FF628E5AB5F]
	(No symbol) [0x00007FF628E56B74]
	(No symbol) [0x00007FF628E56D10]
	(No symbol) [0x00007FF628E45C1F]
	BaseThreadInitThunk [0x00007FFC51CA7374+20]
	RtlUserThreadStart [0x00007FFC52D9CC91+33]
</msg>
<arg>locator=${MENU_ELETRONICOS}</arg>
<doc>Waits until the element ``locator`` is visible.</doc>
<status status="FAIL" start="2024-10-14T21:33:54.347393" elapsed="5.763058">NoSuchWindowException: Message: no such window: target window already closed
from unknown error: web view not found
  (Session info: chrome=129.0.6668.90)
Stacktrace:
	GetHandleVerifier [0x00007FF628EDB095+29557]
	(No symbol) [0x00007FF628E4FA50]
	(No symbol) [0x00007FF628D0B56A]
	(No symbol) [0x00007FF628CDFCC5]
	(No symbol) [0x00007FF628D8EE07]
	(No symbol) [0x00007FF628DA7E21]
	(No symbol) [0x00007FF628D86F33]
	(No symbol) [0x00007FF628D5116F]
	(No symbol) [0x00007FF628D522D1]
	GetHandleVerifier [0x00007FF62920C96D+3378253]
	GetHandleVerifier [0x00007FF629258497+3688311]
	GetHandleVerifier [0x00007FF62924D1CB+3642539]
	GetHandleVerifier [0x00007FF628F9A6B6+813462]
	(No symbol) [0x00007FF628E5AB5F]
	(No symbol) [0x00007FF628E56B74]
	(No symbol) [0x00007FF628E56D10]
	(No symbol) [0x00007FF628E45C1F]
	BaseThreadInitThunk [0x00007FFC51CA7374+20]
	RtlUserThreadStart [0x00007FFC52D9CC91+33]
</status>
</kw>
<status status="FAIL" start="2024-10-14T21:33:14.420667" elapsed="45.690169">NoSuchWindowException: Message: no such window: target window already closed
from unknown error: web view not found
  (Session info: chrome=129.0.6668.90)
Stacktrace:
	GetHandleVerifier [0x00007FF628EDB095+29557]
	(No symbol) [0x00007FF628E4FA50]
	(No symbol) [0x00007FF628D0B56A]
	(No symbol) [0x00007FF628CDFCC5]
	(No symbol) [0x00007FF628D8EE07]
	(No symbol) [0x00007FF628DA7E21]
	(No symbol) [0x00007FF628D86F33]
	(No symbol) [0x00007FF628D5116F]
	(No symbol) [0x00007FF628D522D1]
	GetHandleVerifier [0x00007FF62920C96D+3378253]
	GetHandleVerifier [0x00007FF629258497+3688311]
	GetHandleVerifier [0x00007FF62924D1CB+3642539]
	GetHandleVerifier [0x00007FF628F9A6B6+813462]
	(No symbol) [0x00007FF628E5AB5F]
	(No symbol) [0x00007FF628E56B74]
	(No symbol) [0x00007FF628E56D10]
	(No symbol) [0x00007FF628E45C1F]
	BaseThreadInitThunk [0x00007FFC51CA7374+20]
	RtlUserThreadStart [0x00007FFC52D9CC91+33]
</status>
</kw>
<kw name="Fechar o navegador" owner="amazon_resources" type="TEARDOWN">
<kw name="Capture Page Screenshot" owner="SeleniumLibrary">
<msg time="2024-10-14T21:34:00.116836" level="WARN">Keyword 'Capture Page Screenshot' could not be run on failure: Message: no such window: target window already closed
from unknown error: web view not found
  (Session info: chrome=129.0.6668.90)
Stacktrace:
	GetHandleVerifier [0x00007FF628EDB095+29557]
	(No symbol) [0x00007FF628E4FA50]
	(No symbol) [0x00007FF628D0B56A]
	(No symbol) [0x00007FF628CDFCC5]
	(No symbol) [0x00007FF628D8EE07]
	(No symbol) [0x00007FF628DA7E21]
	(No symbol) [0x00007FF628D86F33]
	(No symbol) [0x00007FF628D5116F]
	(No symbol) [0x00007FF628D522D1]
	GetHandleVerifier [0x00007FF62920C96D+3378253]
	GetHandleVerifier [0x00007FF629258497+3688311]
	GetHandleVerifier [0x00007FF62924D1CB+3642539]
	GetHandleVerifier [0x00007FF628F9A6B6+813462]
	(No symbol) [0x00007FF628E5AB5F]
	(No symbol) [0x00007FF628E56B74]
	(No symbol) [0x00007FF628E56D10]
	(No symbol) [0x00007FF628E45C1F]
	BaseThreadInitThunk [0x00007FFC51CA7374+20]
	RtlUserThreadStart [0x00007FFC52D9CC91+33]
</msg>
<msg time="2024-10-14T21:34:00.322214" level="FAIL">NoSuchWindowException: Message: no such window: target window already closed
from unknown error: web view not found
  (Session info: chrome=129.0.6668.90)
Stacktrace:
	GetHandleVerifier [0x00007FF628EDB095+29557]
	(No symbol) [0x00007FF628E4FA50]
	(No symbol) [0x00007FF628D0B56A]
	(No symbol) [0x00007FF628CDFCC5]
	(No symbol) [0x00007FF628D8EE07]
	(No symbol) [0x00007FF628DA7E21]
	(No symbol) [0x00007FF628D86F33]
	(No symbol) [0x00007FF628D5116F]
	(No symbol) [0x00007FF628D522D1]
	GetHandleVerifier [0x00007FF62920C96D+3378253]
	GetHandleVerifier [0x00007FF629258497+3688311]
	GetHandleVerifier [0x00007FF62924D1CB+3642539]
	GetHandleVerifier [0x00007FF628F9A6B6+813462]
	(No symbol) [0x00007FF628E5AB5F]
	(No symbol) [0x00007FF628E56B74]
	(No symbol) [0x00007FF628E56D10]
	(No symbol) [0x00007FF628E45C1F]
	BaseThreadInitThunk [0x00007FFC51CA7374+20]
	RtlUserThreadStart [0x00007FFC52D9CC91+33]
</msg>
<doc>Takes a screenshot of the current page and embeds it into a log file.</doc>
<status status="FAIL" start="2024-10-14T21:34:00.112208" elapsed="0.531863">NoSuchWindowException: Message: no such window: target window already closed
from unknown error: web view not found
  (Session info: chrome=129.0.6668.90)
Stacktrace:
	GetHandleVerifier [0x00007FF628EDB095+29557]
	(No symbol) [0x00007FF628E4FA50]
	(No symbol) [0x00007FF628D0B56A]
	(No symbol) [0x00007FF628CDFCC5]
	(No symbol) [0x00007FF628D8EE07]
	(No symbol) [0x00007FF628DA7E21]
	(No symbol) [0x00007FF628D86F33]
	(No symbol) [0x00007FF628D5116F]
	(No symbol) [0x00007FF628D522D1]
	GetHandleVerifier [0x00007FF62920C96D+3378253]
	GetHandleVerifier [0x00007FF629258497+3688311]
	GetHandleVerifier [0x00007FF62924D1CB+3642539]
	GetHandleVerifier [0x00007FF628F9A6B6+813462]
	(No symbol) [0x00007FF628E5AB5F]
	(No symbol) [0x00007FF628E56B74]
	(No symbol) [0x00007FF628E56D10]
	(No symbol) [0x00007FF628E45C1F]
	BaseThreadInitThunk [0x00007FFC51CA7374+20]
	RtlUserThreadStart [0x00007FFC52D9CC91+33]
</status>
</kw>
<kw name="Close Browser" owner="SeleniumLibrary">
<doc>Closes the current browser.</doc>
<status status="PASS" start="2024-10-14T21:34:00.644376" elapsed="2.206337"/>
</kw>
<status status="FAIL" start="2024-10-14T21:34:00.111705" elapsed="2.740026">NoSuchWindowException: Message: no such window: target window already closed
from unknown error: web view not found
  (Session info: chrome=129.0.6668.90)
Stacktrace:
	GetHandleVerifier [0x00007FF628EDB095+29557]
	(No symbol) [0x00007FF628E4FA50]
	(No symbol) [0x00007FF628D0B56A]
	(No symbol) [0x00007FF628CDFCC5]
	(No symbol) [0x00007FF628D8EE07]
	(No symbol) [0x00007FF628DA7E21]
	(No symbol) [0x00007FF628D86F33]
	(No symbol) [0x00007FF628D5116F]
	(No symbol) [0x00007FF628D522D1]
	GetHandleVerifier [0x00007FF62920C96D+3378253]
	GetHandleVerifier [0x00007FF629258497+3688311]
	GetHandleVerifier [0x00007FF62924D1CB+3642539]
	GetHandleVerifier [0x00007FF628F9A6B6+813462]
	(No symbol) [0x00007FF628E5AB5F]
	(No symbol) [0x00007FF628E56B74]
	(No symbol) [0x00007FF628E56D10]
	(No symbol) [0x00007FF628E45C1F]
	BaseThreadInitThunk [0x00007FFC51CA7374+20]
	RtlUserThreadStart [0x00007FFC52D9CC91+33]
</status>
</kw>
<doc>Este teste verifica o menu de Eletrônicos do site amazon.com.br
e verifica a categoria Computadores e Informática</doc>
<tag>categorias</tag>
<tag>menus</tag>
<status status="FAIL" start="2024-10-14T21:33:07.436104" elapsed="55.416304">NoSuchWindowException: Message: no such window: target window already closed
from unknown error: web view not found
  (Session info: chrome=129.0.6668.90)
Stacktrace:
	GetHandleVerifier [0x00007FF628EDB095+29557]
	(No symbol) [0x00007FF628E4FA50]
	(No symbol) [0x00007FF628D0B56A]
	(No symbol) [0x00007FF628CDFCC5]
	(No symbol) [0x00007FF628D8EE07]
	(No symbol) [0x00007FF628DA7E21]
	(No symbol) [0x00007FF628D86F33]
	(No symbol) [0x00007FF628D5116F]
	(No symbol) [0x00007FF628D522D1]
	GetHandleVerifier [0x00007FF62920C96D+3378253]
	GetHandleVerifier [0x00007FF629258497+3688311]
	GetHandleVerifier [0x00007FF62924D1CB+3642539]
	GetHandleVerifier [0x00007FF628F9A6B6+813462]
	(No symbol) [0x00007FF628E5AB5F]
	(No symbol) [0x00007FF628E56B74]
	(No symbol) [0x00007FF628E56D10]
	(No symbol) [0x00007FF628E45C1F]
	BaseThreadInitThunk [0x00007FFC51CA7374+20]
	RtlUserThreadStart [0x00007FFC52D9CC91+33]


Also teardown failed:
NoSuchWindowException: Message: no such window: target window already closed
from unknown error: web view not found
  (Session info: chrome=129.0.6668.90)
Stacktrace:
	GetHandleVerifier [0x00007FF628EDB095+29557]
	(No symbol) [0x00007FF628E4FA50]
	(No symbol) [0x00007FF628D0B56A]
	(No symbol) [0x00007FF628CDFCC5]
	(No symbol) [0x00007FF628D8EE07]
	(No symbol) [0x00007FF628DA7E21]
	(No symbol) [0x00007FF628D86F33]
	(No symbol) [0x00007FF628D5116F]
	(No symbol) [0x00007FF628D522D1]
	GetHandleVerifier [0x00007FF62920C96D+3378253]
	GetHandleVerifier [0x00007FF629258497+3688311]
	GetHandleVerifier [0x00007FF62924D1CB+3642539]
	GetHandleVerifier [0x00007FF628F9A6B6+813462]
	(No symbol) [0x00007FF628E5AB5F]
	(No symbol) [0x00007FF628E56B74]
	(No symbol) [0x00007FF628E56D10]
	(No symbol) [0x00007FF628E45C1F]
	BaseThreadInitThunk [0x00007FFC51CA7374+20]
	RtlUserThreadStart [0x00007FFC52D9CC91+33]
</status>
</test>
<doc>Essa suite testa o site amazon.com.br</doc>
<status status="FAIL" start="2024-10-14T21:33:06.911120" elapsed="55.992327"/>
</suite>
<statistics>
<total>
<stat pass="0" fail="1" skip="0">All Tests</stat>
</total>
<tag>
<stat pass="0" fail="1" skip="0">categorias</stat>
<stat pass="0" fail="1" skip="0">menus</stat>
</tag>
<suite>
<stat pass="0" fail="1" skip="0" id="s1" name="Amazon Testes">Amazon Testes</stat>
</suite>
</statistics>
<errors>
<msg time="2024-10-14T21:33:54.361022" level="WARN">Keyword 'Capture Page Screenshot' could not be run on failure: Message: no such window: target window already closed
from unknown error: web view not found
  (Session info: chrome=129.0.6668.90)
Stacktrace:
	GetHandleVerifier [0x00007FF628EDB095+29557]
	(No symbol) [0x00007FF628E4FA50]
	(No symbol) [0x00007FF628D0B56A]
	(No symbol) [0x00007FF628CDFCC5]
	(No symbol) [0x00007FF628D8EE07]
	(No symbol) [0x00007FF628DA7E21]
	(No symbol) [0x00007FF628D86F33]
	(No symbol) [0x00007FF628D5116F]
	(No symbol) [0x00007FF628D522D1]
	GetHandleVerifier [0x00007FF62920C96D+3378253]
	GetHandleVerifier [0x00007FF629258497+3688311]
	GetHandleVerifier [0x00007FF62924D1CB+3642539]
	GetHandleVerifier [0x00007FF628F9A6B6+813462]
	(No symbol) [0x00007FF628E5AB5F]
	(No symbol) [0x00007FF628E56B74]
	(No symbol) [0x00007FF628E56D10]
	(No symbol) [0x00007FF628E45C1F]
	BaseThreadInitThunk [0x00007FFC51CA7374+20]
	RtlUserThreadStart [0x00007FFC52D9CC91+33]
</msg>
<msg time="2024-10-14T21:34:00.116836" level="WARN">Keyword 'Capture Page Screenshot' could not be run on failure: Message: no such window: target window already closed
from unknown error: web view not found
  (Session info: chrome=129.0.6668.90)
Stacktrace:
	GetHandleVerifier [0x00007FF628EDB095+29557]
	(No symbol) [0x00007FF628E4FA50]
	(No symbol) [0x00007FF628D0B56A]
	(No symbol) [0x00007FF628CDFCC5]
	(No symbol) [0x00007FF628D8EE07]
	(No symbol) [0x00007FF628DA7E21]
	(No symbol) [0x00007FF628D86F33]
	(No symbol) [0x00007FF628D5116F]
	(No symbol) [0x00007FF628D522D1]
	GetHandleVerifier [0x00007FF62920C96D+3378253]
	GetHandleVerifier [0x00007FF629258497+3688311]
	GetHandleVerifier [0x00007FF62924D1CB+3642539]
	GetHandleVerifier [0x00007FF628F9A6B6+813462]
	(No symbol) [0x00007FF628E5AB5F]
	(No symbol) [0x00007FF628E56B74]
	(No symbol) [0x00007FF628E56D10]
	(No symbol) [0x00007FF628E45C1F]
	BaseThreadInitThunk [0x00007FFC51CA7374+20]
	RtlUserThreadStart [0x00007FFC52D9CC91+33]
</msg>
</errors>
</robot>
